<?xml version="1.0" encoding="UTF-8"?>
<testsuite xmlns:xsi="http://www.w3.org/2001/XMLSchema-instance" xsi:noNamespaceSchemaLocation="https://maven.apache.org/surefire/maven-surefire-plugin/xsd/surefire-test-report-3.0.xsd" version="3.0" name="runner.TestRunner" time="24.774" tests="1" errors="0" skipped="0" failures="0">
  <properties>
[...]
</properties>
  <testcase name="Search google homepage" classname="Google Search Page" time="20.337">
    <system-out><![CDATA[
@google-search
Scenario: Search google homepage            # src/test/resources/features/search.feature:4
  Given A user navigates to google HomePage # stepDefinitions.SearchStepdefs.aUserNavigatesToGoogleHomePage()
  When User enter search "This is test "    # stepDefinitions.SearchStepdefs.userEnterSearch(java.lang.String)
  And Click search button                   # stepDefinitions.SearchStepdefs.clickSearchButton()
  Then search results are displayed         # stepDefinitions.SearchStepdefs.searchResultsAreDisplayed()
]]></system-out>
    <system-err><![CDATA[SLF4J: Failed to load class "org.slf4j.impl.StaticLoggerBinder".
SLF4J: Defaulting to no-operation (NOP) logger implementation
SLF4J: See http://www.slf4j.org/codes.html#StaticLoggerBinder for further details.
Starting ChromeDriver 114.0.5735.90 (386bc09e8f4f2e025eddae123f36f6263096ae49-refs/branch-heads/5735@{#1052}) on port 38622
Only local connections are allowed.
Please see https://chromedriver.chromium.org/security-considerations for suggestions on keeping ChromeDriver safe.
ChromeDriver was started successfully.
Jul 03, 2023 10:39:11 AM org.openqa.selenium.remote.ProtocolHandshake createSession
INFO: Detected dialect: W3C
]]></system-err>
  </testcase>
</testsuite>